V |                      | ArgumentsFromParametersFile.OnBuildCreated (150)
V |                      | HandleReSharperSurrogateArguments.OnBuildCreated (150)
V |                      | InjectParameterValues.OnBuildCreated (100)
V |                      | HandleShellCompletion.OnBuildCreated (75)
V |                      | GenerateBuildServerConfigurations.OnBuildCreated (50)
V |                      | InvokeBuildServerConfigurationGeneration.OnBuildCreated (45)
V |                      | UpdateNotification.OnBuildCreated (10)
V |                      | UnsetVisualStudioEnvironmentVariables.OnBuildCreated (0)
V |                      | HandleVisualStudioDebugging.OnBuildCreated (0)
V |                      | EventInvoker.OnBuildCreated (-3.4028235E+38)
V |                      | HandlePlanRequests.OnBuildInitialized (10)
V |                      | HandleHelpRequests.OnBuildInitialized (5)
V |                      | Telemetry.OnBuildInitialized (0)
V |                      | Sending BuildStarted telemetry event ...
V |                      |   build_components         = 
V |                      |   build_type               = Project
V |                      |   compile_time             = <null>
V |                      |   config_generators        = 
V |                      |   host                     = Terminal
V |                      |   num_custom_components    = 0
V |                      |   num_custom_extensions    = 0
V |                      |   num_partitioned_targets  = 0
V |                      |   num_secrets              = 0
V |                      |   num_targets              = 13
V |                      |   os_architecture          = X64
V |                      |   os_platform              = Windows
V |                      |   target_framework         = .NETCoreApp,Version=v10.0
V |                      |   version_dotnet_sdk       = 10.0.102
V |                      |   version_nuke_common      = 10.1.0
V |                      |   version_nuke_global_tool = <null>
V |                      | InjectNonParameterValues.OnBuildInitialized (-100)
W |                      | Could not inject value for Build.Solution
System.ArgumentException: No solution file defined for 'Solution'.
   at Nuke.Common.Assert.NotNull[T](T obj, String message, String argumentExpression) in /_/source/Nuke.Utilities/Assert.cs:line 73
   at Nuke.Common.ProjectModel.SolutionAttribute.GetSolutionFileFromParametersFile(MemberInfo member) in /_/source/Nuke.Common/Attributes/SolutionAttribute.cs:line 62
   at Nuke.Common.ProjectModel.SolutionAttribute.GetValue(MemberInfo member, Object instance) in /_/source/Nuke.Common/Attributes/SolutionAttribute.cs:line 50
   at Nuke.Common.ValueInjection.ValueInjectionAttributeBase.TryGetValue(MemberInfo member, Object instance) in /_/source/Nuke.Build/Execution/Extensibility/ValueInjectionAttributeBase.cs:line 26
V |                      | EventInvoker.OnBuildInitialized (-3.4028235E+38)
V | Clean                | EventInvoker.OnTargetRunning (-3.4028235E+38)
I | Clean                | Cleaning build artifacts...
E | Clean                | Target Clean has thrown an exception
System.UnauthorizedAccessException: Access to the path 'Azure.Core.dll' is denied.
   at System.IO.FileSystem.RemoveDirectoryRecursive(String fullPath, WIN32_FIND_DATA& findData, Boolean topLevel)
   at System.IO.FileSystem.RemoveDirectory(String fullPath, Boolean recursive)
   at Nuke.Common.IO.AbsolutePathExtensions.DeleteDirectory(AbsolutePath path) in /_/source/Nuke.Utilities/IO/AbsolutePath.Delete.cs:line 34
   at Build.<>c.<get_Clean>b__26_3(AbsolutePath d)
   at Nuke.Common.Utilities.Collections.EnumerableExtensions.ForEach[T](IEnumerable`1 enumerable, Action`1 action) in /_/source/Nuke.Utilities/Collections/Enumerable.ForEach.cs:line 20
   at Build.<get_Clean>b__26_1()
   at Nuke.Common.Execution.BuildExecutor.<>c.<Execute>b__4_2(Action x) in /_/source/Nuke.Build/Execution/BuildExecutor.cs:line 120
   at System.Collections.Generic.List`1.ForEach(Action`1 action)
   at Nuke.Common.Execution.BuildExecutor.Execute(NukeBuild build, ExecutableTarget target, IReadOnlyCollection`1 previouslyExecutedTargets, Boolean failureMode) in /_/source/Nuke.Build/Execution/BuildExecutor.cs:line 120
V | Clean                | EventInvoker.OnTargetFailed (-3.4028235E+38)
